0 info it worked if it ends with ok
1 verbose cli [ 'node',
1 verbose cli   '/Users/mengchen/.npm-packages/bin/npm',
1 verbose cli   'install',
1 verbose cli   'chai-as-promised' ]
2 info using npm@2.12.1
3 info using node@v0.12.2
4 verbose node symlink /usr/local/bin/node
5 verbose install initial load of /Users/mengchen/CF_Homework/REST_API/package.json
6 verbose stack Error: Failed to parse json
6 verbose stack Trailing comma in object at 31:2
6 verbose stack 	}
6 verbose stack 	^
6 verbose stack     at parseError (/Users/mengchen/.npm-packages/lib/node_modules/npm/node_modules/read-package-json/read-json.js:379:11)
6 verbose stack     at parseJson (/Users/mengchen/.npm-packages/lib/node_modules/npm/node_modules/read-package-json/read-json.js:68:23)
6 verbose stack     at /Users/mengchen/.npm-packages/lib/node_modules/npm/node_modules/read-package-json/read-json.js:48:5
6 verbose stack     at evalmachine.<anonymous>:334:14
6 verbose stack     at /Users/mengchen/.npm-packages/lib/node_modules/npm/node_modules/graceful-fs/graceful-fs.js:102:5
6 verbose stack     at FSReqWrap.oncomplete (evalmachine.<anonymous>:95:15)
7 verbose cwd /Users/mengchen/CF_Homework/REST_API
8 error Darwin 14.4.0
9 error argv "node" "/Users/mengchen/.npm-packages/bin/npm" "install" "chai-as-promised"
10 error node v0.12.2
11 error npm  v2.12.1
12 error file /Users/mengchen/CF_Homework/REST_API/package.json
13 error code EJSONPARSE
14 error Failed to parse json
14 error Trailing comma in object at 31:2
14 error 	}
14 error 	^
15 error File: /Users/mengchen/CF_Homework/REST_API/package.json
16 error Failed to parse package.json data.
16 error package.json must be actual JSON, not just JavaScript.
16 error
16 error This is not a bug in npm.
16 error Tell the package author to fix their package.json file. JSON.parse
17 verbose exit [ 1, true ]
